<?xml version="1.0" encoding="UTF-8"?>
<!-- Generated by org.testng.reporters.JUnitReportReporter -->
<testsuite skipped="0" hostname="DESKTOP-QQD91AV" name="testNGLearning.CreateLead" tests="3" failures="0" timestamp="16 Apr 2019 18:50:14 GMT" time="297.279" errors="0">
  <testcase name="Clead" time="161.845" classname="testNGLearning.CreateLead"/>
  <testcase name="Clead" time="50.276" classname="testNGLearning.CreateLead"/>
  <testcase name="Clead" time="85.158" classname="testNGLearning.CreateLead"/>
</testsuite> <!-- testNGLearning.CreateLead -->
