<?xml version="1.0" encoding="UTF-8"?>
<!-- Generated by org.testng.reporters.JUnitReportReporter -->
<testsuite skipped="0" hostname="DESKTOP-QQD91AV" name="week6day1runtest.TestRun" tests="1" failures="0" timestamp="13 Apr 2019 18:17:40 GMT" time="121.210" errors="0">
  <testcase name="runScenario" time="121.210" classname="week6day1runtest.TestRun"/>
</testsuite> <!-- week6day1runtest.TestRun -->
