<?xml version="1.0" encoding="UTF-8"?>
<!-- Generated by org.testng.reporters.JUnitReportReporter -->
<testsuite skipped="0" hostname="DESKTOP-QQD91AV" name="dataProvider.Dpcallingfunction" tests="4" failures="0" timestamp="18 Apr 2019 13:31:37 GMT" time="440.209" errors="0">
  <testcase name="Clead" time="195.081" classname="dataProvider.Dpcallingfunction"/>
  <testcase name="Clead" time="107.683" classname="dataProvider.Dpcallingfunction"/>
  <testcase name="Clead" time="64.154" classname="dataProvider.Dpcallingfunction"/>
  <testcase name="Clead" time="73.291" classname="dataProvider.Dpcallingfunction"/>
</testsuite> <!-- dataProvider.Dpcallingfunction -->
