<?xml version="1.0" encoding="UTF-8"?>
<!-- Generated by org.testng.reporters.JUnitReportReporter -->
<testsuite skipped="0" hostname="DESKTOP-QQD91AV" name="week6day1runtestupdated.RunTestUpdated" tests="2" failures="0" timestamp="13 Apr 2019 18:58:07 GMT" time="205.378" errors="0">
  <testcase name="runScenario" time="62.847" classname="week6day1runtestupdated.RunTestUpdated"/>
  <testcase name="runScenario" time="142.531" classname="week6day1runtestupdated.RunTestUpdated"/>
</testsuite> <!-- week6day1runtestupdated.RunTestUpdated -->
